{"/home/daniel/git/topkek-frontend/src/ts/types.ts": {"path":"/home/daniel/git/topkek-frontend/src/ts/types.ts","statementMap":{"0":{"start":{"line":24,"column":0},"end":{"line":24,"column":null}},"1":{"start":{"line":25,"column":2},"end":{"line":25,"column":null}},"2":{"start":{"line":26,"column":2},"end":{"line":26,"column":null}},"3":{"start":{"line":27,"column":2},"end":{"line":27,"column":null}},"4":{"start":{"line":30,"column":0},"end":{"line":30,"column":null}},"5":{"start":{"line":31,"column":2},"end":{"line":31,"column":null}},"6":{"start":{"line":32,"column":2},"end":{"line":32,"column":null}},"7":{"start":{"line":33,"column":2},"end":{"line":33,"column":null}}},"fnMap":{"0":{"name":"(anonymous_0)","decl":{"start":{"line":24,"column":0},"end":{"line":24,"column":12}},"loc":{"start":{"line":24,"column":19},"end":{"line":28,"column":1}}},"1":{"name":"(anonymous_1)","decl":{"start":{"line":30,"column":0},"end":{"line":30,"column":12}},"loc":{"start":{"line":30,"column":28},"end":{"line":34,"column":1}}}},"branchMap":{"0":{"loc":{"start":{"line":24,"column":12},"end":{"line":24,"column":19}},"type":"binary-expr","locations":[{"start":{"line":24,"column":12},"end":{"line":24,"column":19}},{"start":{"line":24,"column":12},"end":{"line":24,"column":null}}]},"1":{"loc":{"start":{"line":30,"column":12},"end":{"line":30,"column":28}},"type":"binary-expr","locations":[{"start":{"line":30,"column":12},"end":{"line":30,"column":28}},{"start":{"line":30,"column":12},"end":{"line":30,"column":null}}]}},"s":{"0":2,"1":2,"2":2,"3":2,"4":2,"5":2,"6":2,"7":2},"f":{"0":2,"1":2},"b":{"0":[2,2],"1":[2,2]}}
,"/home/daniel/git/topkek-frontend/src/ts/api/api.ts": {"path":"/home/daniel/git/topkek-frontend/src/ts/api/api.ts","statementMap":{"0":{"start":{"line":1,"column":0},"end":{"line":1,"column":26}},"1":{"start":{"line":3,"column":12},"end":{"line":14,"column":1}},"2":{"start":{"line":4,"column":2},"end":{"line":13,"column":5}},"3":{"start":{"line":16,"column":13},"end":{"line":29,"column":1}},"4":{"start":{"line":17,"column":2},"end":{"line":28,"column":5}},"5":{"start":{"line":31,"column":0},"end":{"line":31,"column":29}}},"fnMap":{"0":{"name":"(anonymous_0)","decl":{"start":{"line":3,"column":12},"end":{"line":3,"column":17}},"loc":{"start":{"line":3,"column":38},"end":{"line":14,"column":1}}},"1":{"name":"(anonymous_1)","decl":{"start":{"line":16,"column":13},"end":{"line":16,"column":18}},"loc":{"start":{"line":16,"column":50},"end":{"line":29,"column":1}}}},"branchMap":{},"s":{"0":2,"1":2,"2":0,"3":2,"4":0,"5":2},"f":{"0":0,"1":0},"b":{}}
,"/home/daniel/git/topkek-frontend/src/ts/api/auth.api.ts": {"path":"/home/daniel/git/topkek-frontend/src/ts/api/auth.api.ts","statementMap":{"0":{"start":{"line":1,"column":0},"end":{"line":1,"column":26}},"1":{"start":{"line":2,"column":0},"end":{"line":2,"column":26}},"2":{"start":{"line":13,"column":2},"end":{"line":24,"column":7}},"3":{"start":{"line":20,"column":6},"end":{"line":22,"column":null}},"4":{"start":{"line":21,"column":8},"end":{"line":21,"column":62}},"5":{"start":{"line":23,"column":6},"end":{"line":23,"column":33}},"6":{"start":{"line":28,"column":2},"end":{"line":28,"column":39}},"7":{"start":{"line":36,"column":2},"end":{"line":48,"column":7}},"8":{"start":{"line":44,"column":6},"end":{"line":46,"column":null}},"9":{"start":{"line":45,"column":8},"end":{"line":45,"column":69}},"10":{"start":{"line":47,"column":6},"end":{"line":47,"column":33}},"11":{"start":{"line":51,"column":0},"end":{"line":51,"column":43}}},"fnMap":{"0":{"name":"login","decl":{"start":{"line":9,"column":15},"end":{"line":9,"column":20}},"loc":{"start":{"line":11,"column":18},"end":{"line":25,"column":1}}},"1":{"name":"(anonymous_1)","decl":{"start":{"line":19,"column":10},"end":{"line":19,"column":18}},"loc":{"start":{"line":19,"column":21},"end":{"line":24,"column":5}}},"2":{"name":"logout","decl":{"start":{"line":27,"column":15},"end":{"line":27,"column":21}},"loc":{"start":{"line":27,"column":21},"end":{"line":29,"column":1}}},"3":{"name":"register","decl":{"start":{"line":31,"column":15},"end":{"line":31,"column":23}},"loc":{"start":{"line":34,"column":18},"end":{"line":49,"column":1}}},"4":{"name":"(anonymous_4)","decl":{"start":{"line":43,"column":10},"end":{"line":43,"column":18}},"loc":{"start":{"line":43,"column":21},"end":{"line":48,"column":5}}}},"branchMap":{"0":{"loc":{"start":{"line":20,"column":6},"end":{"line":22,"column":null}},"type":"if","locations":[{"start":{"line":20,"column":6},"end":{"line":22,"column":null}},{"start":{"line":20,"column":6},"end":{"line":22,"column":null}}]},"1":{"loc":{"start":{"line":44,"column":6},"end":{"line":46,"column":null}},"type":"if","locations":[{"start":{"line":44,"column":6},"end":{"line":46,"column":null}},{"start":{"line":44,"column":6},"end":{"line":46,"column":null}}]}},"s":{"0":1,"1":1,"2":0,"3":0,"4":0,"5":0,"6":0,"7":0,"8":0,"9":0,"10":0,"11":1},"f":{"0":0,"1":0,"2":0,"3":0,"4":0},"b":{"0":[0,0],"1":[0,0]}}
,"/home/daniel/git/topkek-frontend/src/ts/api/challenges.api.ts": {"path":"/home/daniel/git/topkek-frontend/src/ts/api/challenges.api.ts","statementMap":{"0":{"start":{"line":1,"column":0},"end":{"line":1,"column":26}},"1":{"start":{"line":4,"column":22},"end":{"line":11,"column":1}},"2":{"start":{"line":5,"column":2},"end":{"line":10,"column":5}},"3":{"start":{"line":6,"column":4},"end":{"line":8,"column":null}},"4":{"start":{"line":7,"column":6},"end":{"line":7,"column":16}},"5":{"start":{"line":9,"column":4},"end":{"line":9,"column":27}},"6":{"start":{"line":13,"column":19},"end":{"line":24,"column":1}},"7":{"start":{"line":17,"column":2},"end":{"line":23,"column":7}},"8":{"start":{"line":22,"column":6},"end":{"line":22,"column":29}},"9":{"start":{"line":26,"column":0},"end":{"line":29,"column":2}}},"fnMap":{"0":{"name":"(anonymous_0)","decl":{"start":{"line":4,"column":22},"end":{"line":4,"column":27}},"loc":{"start":{"line":4,"column":27},"end":{"line":11,"column":1}}},"1":{"name":"(anonymous_1)","decl":{"start":{"line":5,"column":40},"end":{"line":5,"column":45}},"loc":{"start":{"line":5,"column":57},"end":{"line":10,"column":3}}},"2":{"name":"(anonymous_2)","decl":{"start":{"line":13,"column":19},"end":{"line":13,"column":24}},"loc":{"start":{"line":15,"column":14},"end":{"line":24,"column":1}}},"3":{"name":"(anonymous_3)","decl":{"start":{"line":21,"column":10},"end":{"line":21,"column":15}},"loc":{"start":{"line":21,"column":27},"end":{"line":23,"column":5}}}},"branchMap":{"0":{"loc":{"start":{"line":6,"column":4},"end":{"line":8,"column":null}},"type":"if","locations":[{"start":{"line":6,"column":4},"end":{"line":8,"column":null}},{"start":{"line":6,"column":4},"end":{"line":8,"column":null}}]}},"s":{"0":2,"1":2,"2":2,"3":2,"4":1,"5":1,"6":2,"7":3,"8":3,"9":2},"f":{"0":2,"1":2,"2":3,"3":3},"b":{"0":[1,1]}}
,"/home/daniel/git/topkek-frontend/src/ts/api/csrf.api.ts": {"path":"/home/daniel/git/topkek-frontend/src/ts/api/csrf.api.ts","statementMap":{"0":{"start":{"line":1,"column":0},"end":{"line":1,"column":26}},"1":{"start":{"line":3,"column":16},"end":{"line":8,"column":1}},"2":{"start":{"line":4,"column":2},"end":{"line":7,"column":35}},"3":{"start":{"line":6,"column":22},"end":{"line":6,"column":37}},"4":{"start":{"line":7,"column":18},"end":{"line":7,"column":33}},"5":{"start":{"line":10,"column":0},"end":{"line":10,"column":27}}},"fnMap":{"0":{"name":"(anonymous_0)","decl":{"start":{"line":3,"column":16},"end":{"line":3,"column":21}},"loc":{"start":{"line":3,"column":21},"end":{"line":8,"column":1}}},"1":{"name":"(anonymous_1)","decl":{"start":{"line":6,"column":10},"end":{"line":6,"column":18}},"loc":{"start":{"line":6,"column":22},"end":{"line":6,"column":37}}},"2":{"name":"(anonymous_2)","decl":{"start":{"line":7,"column":10},"end":{"line":7,"column":14}},"loc":{"start":{"line":7,"column":18},"end":{"line":7,"column":33}}}},"branchMap":{},"s":{"0":1,"1":1,"2":0,"3":0,"4":0,"5":1},"f":{"0":0,"1":0,"2":0},"b":{}}
,"/home/daniel/git/topkek-frontend/src/ts/api/index.ts": {"path":"/home/daniel/git/topkek-frontend/src/ts/api/index.ts","statementMap":{"0":{"start":{"line":1,"column":0},"end":{"line":1,"column":32}},"1":{"start":{"line":2,"column":0},"end":{"line":2,"column":44}},"2":{"start":{"line":3,"column":0},"end":{"line":3,"column":32}},"3":{"start":{"line":4,"column":0},"end":{"line":4,"column":32}},"4":{"start":{"line":6,"column":0},"end":{"line":6,"column":48}}},"fnMap":{},"branchMap":{},"s":{"0":1,"1":1,"2":1,"3":1,"4":1},"f":{},"b":{}}
,"/home/daniel/git/topkek-frontend/src/ts/api/user.api.ts": {"path":"/home/daniel/git/topkek-frontend/src/ts/api/user.api.ts","statementMap":{"0":{"start":{"line":1,"column":0},"end":{"line":1,"column":26}},"1":{"start":{"line":4,"column":23},"end":{"line":11,"column":1}},"2":{"start":{"line":5,"column":2},"end":{"line":10,"column":5}},"3":{"start":{"line":6,"column":4},"end":{"line":8,"column":null}},"4":{"start":{"line":7,"column":6},"end":{"line":7,"column":18}},"5":{"start":{"line":9,"column":4},"end":{"line":9,"column":27}},"6":{"start":{"line":13,"column":0},"end":{"line":15,"column":2}}},"fnMap":{"0":{"name":"(anonymous_0)","decl":{"start":{"line":4,"column":23},"end":{"line":4,"column":28}},"loc":{"start":{"line":4,"column":28},"end":{"line":11,"column":1}}},"1":{"name":"(anonymous_1)","decl":{"start":{"line":5,"column":35},"end":{"line":5,"column":40}},"loc":{"start":{"line":5,"column":52},"end":{"line":10,"column":3}}}},"branchMap":{"0":{"loc":{"start":{"line":6,"column":4},"end":{"line":8,"column":null}},"type":"if","locations":[{"start":{"line":6,"column":4},"end":{"line":8,"column":null}},{"start":{"line":6,"column":4},"end":{"line":8,"column":null}}]}},"s":{"0":1,"1":1,"2":0,"3":0,"4":0,"5":0,"6":1},"f":{"0":0,"1":0},"b":{"0":[0,0]}}
,"/home/daniel/git/topkek-frontend/src/ts/services/challenges.service.ts": {"path":"/home/daniel/git/topkek-frontend/src/ts/services/challenges.service.ts","statementMap":{"0":{"start":{"line":1,"column":0},"end":{"line":1,"column":22}},"1":{"start":{"line":2,"column":0},"end":{"line":2,"column":26}},"2":{"start":{"line":3,"column":0},"end":{"line":3,"column":41}},"3":{"start":{"line":5,"column":25},"end":{"line":9,"column":1}},"4":{"start":{"line":6,"column":2},"end":{"line":8,"column":5}},"5":{"start":{"line":7,"column":4},"end":{"line":7,"column":43}},"6":{"start":{"line":11,"column":19},"end":{"line":22,"column":1}},"7":{"start":{"line":16,"column":2},"end":{"line":21,"column":5}},"8":{"start":{"line":17,"column":4},"end":{"line":19,"column":null}},"9":{"start":{"line":18,"column":6},"end":{"line":18,"column":58}},"10":{"start":{"line":20,"column":4},"end":{"line":20,"column":29}},"11":{"start":{"line":24,"column":14},"end":{"line":26,"column":1}},"12":{"start":{"line":25,"column":2},"end":{"line":25,"column":33}},"13":{"start":{"line":28,"column":0},"end":{"line":28,"column":55}}},"fnMap":{"0":{"name":"(anonymous_0)","decl":{"start":{"line":5,"column":25},"end":{"line":5,"column":30}},"loc":{"start":{"line":5,"column":30},"end":{"line":9,"column":1}}},"1":{"name":"(anonymous_1)","decl":{"start":{"line":6,"column":38},"end":{"line":6,"column":48}},"loc":{"start":{"line":6,"column":51},"end":{"line":8,"column":3}}},"2":{"name":"(anonymous_3)","decl":{"start":{"line":16,"column":59},"end":{"line":16,"column":69}},"loc":{"start":{"line":16,"column":72},"end":{"line":21,"column":3}}},"3":{"name":"(anonymous_4)","decl":{"start":{"line":24,"column":14},"end":{"line":24,"column":19}},"loc":{"start":{"line":24,"column":19},"end":{"line":26,"column":1}}}},"branchMap":{"0":{"loc":{"start":{"line":17,"column":4},"end":{"line":19,"column":null}},"type":"if","locations":[{"start":{"line":17,"column":4},"end":{"line":19,"column":null}},{"start":{"line":17,"column":4},"end":{"line":19,"column":null}}]}},"s":{"0":1,"1":1,"2":1,"3":1,"4":1,"5":1,"6":1,"7":3,"8":3,"9":1,"10":3,"11":1,"12":1,"13":1},"f":{"0":1,"1":1,"2":3,"3":1},"b":{"0":[1,2]}}
,"/home/daniel/git/topkek-frontend/src/ts/state/challenges.state.ts": {"path":"/home/daniel/git/topkek-frontend/src/ts/state/challenges.state.ts","statementMap":{"0":{"start":{"line":1,"column":0},"end":{"line":1,"column":43}},"1":{"start":{"line":6,"column":4},"end":{"line":6,"column":14}},"2":{"start":{"line":7,"column":4},"end":{"line":7,"column":53}},"3":{"start":{"line":11,"column":4},"end":{"line":26,"column":null}},"4":{"start":{"line":12,"column":35},"end":{"line":12,"column":37}},"5":{"start":{"line":13,"column":18},"end":{"line":13,"column":23}},"6":{"start":{"line":14,"column":6},"end":{"line":21,"column":null}},"7":{"start":{"line":15,"column":8},"end":{"line":20,"column":null}},"8":{"start":{"line":16,"column":10},"end":{"line":16,"column":36}},"9":{"start":{"line":17,"column":10},"end":{"line":17,"column":23}},"10":{"start":{"line":19,"column":10},"end":{"line":19,"column":40}},"11":{"start":{"line":22,"column":6},"end":{"line":24,"column":null}},"12":{"start":{"line":23,"column":8},"end":{"line":23,"column":34}},"13":{"start":{"line":25,"column":6},"end":{"line":25,"column":32}},"14":{"start":{"line":4,"column":0},"end":{"line":4,"column":21}}},"fnMap":{"0":{"name":"(anonymous_0)","decl":{"start":{"line":5,"column":2},"end":{"line":5,"column":null}},"loc":{"start":{"line":5,"column":2},"end":{"line":8,"column":3}}},"1":{"name":"(anonymous_1)","decl":{"start":{"line":10,"column":2},"end":{"line":10,"column":14}},"loc":{"start":{"line":10,"column":47},"end":{"line":27,"column":3}}}},"branchMap":{"0":{"loc":{"start":{"line":11,"column":4},"end":{"line":26,"column":null}},"type":"if","locations":[{"start":{"line":11,"column":4},"end":{"line":26,"column":null}},{"start":{"line":11,"column":4},"end":{"line":26,"column":null}}]},"1":{"loc":{"start":{"line":15,"column":8},"end":{"line":20,"column":null}},"type":"if","locations":[{"start":{"line":15,"column":8},"end":{"line":20,"column":null}},{"start":{"line":15,"column":8},"end":{"line":20,"column":null}}]},"2":{"loc":{"start":{"line":22,"column":6},"end":{"line":24,"column":null}},"type":"if","locations":[{"start":{"line":22,"column":6},"end":{"line":24,"column":null}},{"start":{"line":22,"column":6},"end":{"line":24,"column":null}}]}},"s":{"0":2,"1":2,"2":2,"3":0,"4":0,"5":0,"6":0,"7":0,"8":0,"9":0,"10":0,"11":0,"12":0,"13":0,"14":2},"f":{"0":2,"1":0},"b":{"0":[0,0],"1":[0,0],"2":[0,0]}}
,"/home/daniel/git/topkek-frontend/src/ts/state/csrf.state.ts": {"path":"/home/daniel/git/topkek-frontend/src/ts/state/csrf.state.ts","statementMap":{"0":{"start":{"line":1,"column":0},"end":{"line":1,"column":43}},"1":{"start":{"line":5,"column":4},"end":{"line":5,"column":14}},"2":{"start":{"line":3,"column":0},"end":{"line":3,"column":21}}},"fnMap":{"0":{"name":"(anonymous_0)","decl":{"start":{"line":4,"column":2},"end":{"line":4,"column":null}},"loc":{"start":{"line":4,"column":2},"end":{"line":6,"column":3}}}},"branchMap":{},"s":{"0":2,"1":2,"2":2},"f":{"0":2},"b":{}}
,"/home/daniel/git/topkek-frontend/src/ts/state/index.ts": {"path":"/home/daniel/git/topkek-frontend/src/ts/state/index.ts","statementMap":{"0":{"start":{"line":1,"column":0},"end":{"line":1,"column":60}},"1":{"start":{"line":2,"column":0},"end":{"line":2,"column":48}},"2":{"start":{"line":3,"column":0},"end":{"line":3,"column":46}},"3":{"start":{"line":4,"column":0},"end":{"line":4,"column":48}},"4":{"start":{"line":6,"column":0},"end":{"line":11,"column":2}}},"fnMap":{},"branchMap":{},"s":{"0":2,"1":2,"2":2,"3":2,"4":2},"f":{},"b":{}}
,"/home/daniel/git/topkek-frontend/src/ts/state/nav.state.ts": {"path":"/home/daniel/git/topkek-frontend/src/ts/state/nav.state.ts","statementMap":{"0":{"start":{"line":1,"column":0},"end":{"line":1,"column":32}},"1":{"start":{"line":2,"column":0},"end":{"line":2,"column":43}},"2":{"start":{"line":6,"column":4},"end":{"line":6,"column":25}},"3":{"start":{"line":4,"column":0},"end":{"line":4,"column":21}}},"fnMap":{"0":{"name":"(anonymous_0)","decl":{"start":{"line":5,"column":2},"end":{"line":5,"column":null}},"loc":{"start":{"line":5,"column":2},"end":{"line":7,"column":3}}}},"branchMap":{},"s":{"0":2,"1":2,"2":2,"3":2},"f":{"0":2},"b":{}}
,"/home/daniel/git/topkek-frontend/src/ts/state/state.ts": {"path":"/home/daniel/git/topkek-frontend/src/ts/state/state.ts","statementMap":{"0":{"start":{"line":1,"column":0},"end":{"line":1,"column":36}},"1":{"start":{"line":7,"column":4},"end":{"line":7,"column":30}},"2":{"start":{"line":8,"column":4},"end":{"line":8,"column":24}},"3":{"start":{"line":9,"column":4},"end":{"line":9,"column":51}},"4":{"start":{"line":10,"column":4},"end":{"line":10,"column":57}},"5":{"start":{"line":11,"column":4},"end":{"line":11,"column":47}},"6":{"start":{"line":14,"column":4},"end":{"line":14,"column":34}},"7":{"start":{"line":15,"column":4},"end":{"line":15,"column":25}},"8":{"start":{"line":18,"column":16},"end":{"line":18,"column":48}},"9":{"start":{"line":19,"column":4},"end":{"line":21,"column":null}},"10":{"start":{"line":20,"column":6},"end":{"line":20,"column":38}},"11":{"start":{"line":24,"column":4},"end":{"line":24,"column":64}},"12":{"start":{"line":25,"column":4},"end":{"line":27,"column":null}},"13":{"start":{"line":26,"column":6},"end":{"line":26,"column":36}},"14":{"start":{"line":30,"column":4},"end":{"line":30,"column":48}},"15":{"start":{"line":31,"column":4},"end":{"line":31,"column":27}},"16":{"start":{"line":32,"column":4},"end":{"line":32,"column":26}},"17":{"start":{"line":33,"column":4},"end":{"line":33,"column":22}},"18":{"start":{"line":3,"column":0},"end":{"line":3,"column":13}},"19":{"start":{"line":40,"column":17},"end":{"line":40,"column":39}},"20":{"start":{"line":41,"column":4},"end":{"line":46,"column":null}},"21":{"start":{"line":42,"column":6},"end":{"line":42,"column":38}},"22":{"start":{"line":44,"column":6},"end":{"line":44,"column":26}},"23":{"start":{"line":45,"column":6},"end":{"line":45,"column":65}},"24":{"start":{"line":47,"column":4},"end":{"line":47,"column":33}},"25":{"start":{"line":48,"column":4},"end":{"line":48,"column":47}},"26":{"start":{"line":52,"column":4},"end":{"line":52,"column":31}},"27":{"start":{"line":53,"column":4},"end":{"line":53,"column":65}},"28":{"start":{"line":54,"column":4},"end":{"line":54,"column":21}},"29":{"start":{"line":37,"column":0},"end":{"line":37,"column":13}}},"fnMap":{"0":{"name":"(anonymous_0)","decl":{"start":{"line":6,"column":2},"end":{"line":6,"column":14}},"loc":{"start":{"line":6,"column":33},"end":{"line":12,"column":3}}},"1":{"name":"(anonymous_1)","decl":{"start":{"line":13,"column":2},"end":{"line":13,"column":13}},"loc":{"start":{"line":13,"column":50},"end":{"line":16,"column":3}}},"2":{"name":"(anonymous_2)","decl":{"start":{"line":17,"column":2},"end":{"line":17,"column":16}},"loc":{"start":{"line":17,"column":53},"end":{"line":22,"column":3}}},"3":{"name":"(anonymous_3)","decl":{"start":{"line":23,"column":2},"end":{"line":23,"column":16}},"loc":{"start":{"line":23,"column":16},"end":{"line":28,"column":3}}},"4":{"name":"(anonymous_4)","decl":{"start":{"line":29,"column":2},"end":{"line":29,"column":11}},"loc":{"start":{"line":29,"column":28},"end":{"line":34,"column":3}}},"5":{"name":"(anonymous_5)","decl":{"start":{"line":39,"column":2},"end":{"line":39,"column":14}},"loc":{"start":{"line":39,"column":53},"end":{"line":49,"column":3}}},"6":{"name":"(anonymous_6)","decl":{"start":{"line":51,"column":2},"end":{"line":51,"column":11}},"loc":{"start":{"line":51,"column":28},"end":{"line":55,"column":3}}}},"branchMap":{"0":{"loc":{"start":{"line":19,"column":4},"end":{"line":21,"column":null}},"type":"if","locations":[{"start":{"line":19,"column":4},"end":{"line":21,"column":null}},{"start":{"line":19,"column":4},"end":{"line":21,"column":null}}]},"1":{"loc":{"start":{"line":41,"column":4},"end":{"line":46,"column":null}},"type":"if","locations":[{"start":{"line":41,"column":4},"end":{"line":46,"column":null}},{"start":{"line":41,"column":4},"end":{"line":46,"column":null}}]}},"s":{"0":2,"1":8,"2":8,"3":8,"4":8,"5":8,"6":0,"7":0,"8":0,"9":0,"10":0,"11":0,"12":0,"13":0,"14":0,"15":0,"16":0,"17":0,"18":2,"19":0,"20":0,"21":0,"22":0,"23":0,"24":0,"25":0,"26":0,"27":0,"28":0,"29":2},"f":{"0":8,"1":0,"2":0,"3":0,"4":0,"5":0,"6":0},"b":{"0":[0,0],"1":[0,0]}}
,"/home/daniel/git/topkek-frontend/src/ts/state/user.state.ts": {"path":"/home/daniel/git/topkek-frontend/src/ts/state/user.state.ts","statementMap":{"0":{"start":{"line":1,"column":0},"end":{"line":1,"column":43}},"1":{"start":{"line":6,"column":4},"end":{"line":6,"column":16}},"2":{"start":{"line":4,"column":0},"end":{"line":4,"column":21}}},"fnMap":{"0":{"name":"(anonymous_0)","decl":{"start":{"line":5,"column":2},"end":{"line":5,"column":null}},"loc":{"start":{"line":5,"column":2},"end":{"line":7,"column":3}}}},"branchMap":{},"s":{"0":2,"1":2,"2":2},"f":{"0":2},"b":{}}
}
